[debug] [2024-07-18T04:14:28.762Z] ----------------------------------------------------------------------
[debug] [2024-07-18T04:14:28.763Z] Command:       /Users/arjungovind/.nvm/versions/node/v20.5.1/bin/node /Users/arjungovind/.nvm/versions/node/v20.5.1/bin/firebase init
[debug] [2024-07-18T04:14:28.763Z] CLI Version:   13.13.3
[debug] [2024-07-18T04:14:28.764Z] Platform:      darwin
[debug] [2024-07-18T04:14:28.764Z] Node Version:  v20.5.1
[debug] [2024-07-18T04:14:28.764Z] Time:          Thu Jul 18 2024 00:14:28 GMT-0400 (Eastern Daylight Time)
[debug] [2024-07-18T04:14:28.764Z] ----------------------------------------------------------------------
[debug] 
[debug] [2024-07-18T04:14:28.766Z] > command requires scopes: ["email","openid","https://www.googleapis.com/auth/cloudplatformprojects.readonly","https://www.googleapis.com/auth/firebase","https://www.googleapis.com/auth/cloud-platform"]
[debug] [2024-07-18T04:14:28.766Z] > authorizing via signed-in user (arjun.gov21@gmail.com)
[info] 
     ######## #### ########  ######## ########     ###     ######  ########
     ##        ##  ##     ## ##       ##     ##  ##   ##  ##       ##
     ######    ##  ########  ######   ########  #########  ######  ######
     ##        ##  ##    ##  ##       ##     ## ##     ##       ## ##
     ##       #### ##     ## ######## ########  ##     ##  ######  ########

You're about to initialize a Firebase project in this directory:

  /Users/arjungovind/Desktop/ai-D/my-app

[info] 
=== Project Setup
[info] 
[info] First, let's associate this project directory with a Firebase project.
[info] You can create multiple project aliases by running firebase use --add, 
[info] but for now we'll just set up a default project.
[info] 
[debug] [2024-07-18T04:19:26.052Z] >>> [apiv2][query] GET https://firebase.googleapis.com/v1beta1/projects pageSize=100
[debug] [2024-07-18T04:19:26.785Z] <<< [apiv2][status] GET https://firebase.googleapis.com/v1beta1/projects 200
[debug] [2024-07-18T04:19:26.786Z] <<< [apiv2][body] GET https://firebase.googleapis.com/v1beta1/projects [omitted]
[info] i  Using project ai-d-ce511 (ai-D) 
[info] 
=== Hosting Setup
[debug] [2024-07-18T04:19:33.609Z] >>> [apiv2][query] GET https://firebase.googleapis.com/v1beta1/projects/ai-d-ce511 [none]
[debug] [2024-07-18T04:19:33.923Z] <<< [apiv2][status] GET https://firebase.googleapis.com/v1beta1/projects/ai-d-ce511 200
[debug] [2024-07-18T04:19:33.923Z] <<< [apiv2][body] GET https://firebase.googleapis.com/v1beta1/projects/ai-d-ce511 {"projectId":"ai-d-ce511","projectNumber":"1031121340028","displayName":"ai-D","name":"projects/ai-d-ce511","resources":{"hostingSite":"ai-d-ce511"},"state":"ACTIVE","etag":"1_6b226c5d-8e9b-40fc-a93a-a77f80af62ba"}
[info] 
[info] Your public directory is the folder (relative to your project directory) that
[info] will contain Hosting assets to be uploaded with firebase deploy. If you
[info] have a build process for your assets, use your build's output directory.
[info] 
[debug] [2024-07-18T04:26:03.682Z] >>> [apiv2][query] GET https://www.gstatic.com/firebasejs/releases.json [none]
[debug] [2024-07-18T04:26:03.766Z] <<< [apiv2][status] GET https://www.gstatic.com/firebasejs/releases.json 200
[debug] [2024-07-18T04:26:03.766Z] <<< [apiv2][body] GET https://www.gstatic.com/firebasejs/releases.json {"current":{"version":"10.12.3","browserURL":"https://www.gstatic.com/firebasejs/10.12.3/firebase.js","packageURL":"https://www.gstatic.com/firebasejs/10.12.3/firebase.tgz"},"live":{"version":"10.12","browserURL":"https://www.gstatic.com/firebasejs/live/10.12/firebase.js","packageURL":"https://www.gstatic.com/firebasejs/live/10.12/firebase.tgz"},"components":{"analytics":"https://www.gstatic.com/firebasejs/10.12.3/firebase-analytics.js","app":"https://www.gstatic.com/firebasejs/10.12.3/firebase-app.js","app-check":"https://www.gstatic.com/firebasejs/10.12.3/firebase-app-check.js","auth":"https://www.gstatic.com/firebasejs/10.12.3/firebase-auth.js","auth/cordova":"https://www.gstatic.com/firebasejs/10.12.3/firebase-auth/cordova.js","auth/web-extension":"https://www.gstatic.com/firebasejs/10.12.3/firebase-auth/web-extension.js","functions":"https://www.gstatic.com/firebasejs/10.12.3/firebase-functions.js","firestore":"https://www.gstatic.com/firebasejs/10.12.3/firebase-firestore.js","firestore/lite":"https://www.gstatic.com/firebasejs/10.12.3/firebase-firestore/lite.js","installations":"https://www.gstatic.com/firebasejs/10.12.3/firebase-installations.js","storage":"https://www.gstatic.com/firebasejs/10.12.3/firebase-storage.js","performance":"https://www.gstatic.com/firebasejs/10.12.3/firebase-performance.js","remote-config":"https://www.gstatic.com/firebasejs/10.12.3/firebase-remote-config.js","messaging":"https://www.gstatic.com/firebasejs/10.12.3/firebase-messaging.js","messaging/sw":"https://www.gstatic.com/firebasejs/10.12.3/firebase-messaging/sw.js","database":"https://www.gstatic.com/firebasejs/10.12.3/firebase-database.js","vertexai-preview":"https://www.gstatic.com/firebasejs/10.12.3/firebase-vertexai-preview.js","firestore.memory":"https://www.gstatic.com/firebasejs/10.12.3/firebase-firestore.memory.js"}}
[info] ✔  Wrote build/index.html 
[info] 
[info] i  Detected a .git folder at /Users/arjungovind/Desktop/ai-D/my-app 
[info] i  Authorizing with GitHub to upload your service account to a GitHub repository's secrets store. 
[info] 
[info] Visit this URL on this device to log in:
[info] https://github.com/login/oauth/authorize?client_id=89cf50f02ac6aaed3484&state=704324489&redirect_uri=http%3A%2F%2Flocalhost%3A9005&scope=read%3Auser%20repo%20public_repo
[info] 
[info] Waiting for authentication...
[debug] [2024-07-18T04:27:41.313Z] >>> [apiv2][query] POST https://github.com/login/oauth/access_token [none]
[debug] [2024-07-18T04:27:41.313Z] >>> [apiv2][body] POST https://github.com/login/oauth/access_token [stream]
[debug] [2024-07-18T04:27:41.505Z] <<< [apiv2][status] POST https://github.com/login/oauth/access_token 200
[debug] [2024-07-18T04:27:41.505Z] <<< [apiv2][body] POST https://github.com/login/oauth/access_token {"access_token":"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","token_type":"bearer","scope":"read:user,repo"}
[debug] [2024-07-18T04:27:41.514Z] >>> [apiv2][query] GET https://api.github.com/user [none]
[debug] [2024-07-18T04:27:41.732Z] <<< [apiv2][status] GET https://api.github.com/user 200
[debug] [2024-07-18T04:27:41.733Z] <<< [apiv2][body] GET https://api.github.com/user {"login":"ArjunGovind2025","id":100099754,"node_id":"U_kgDOBfdmqg","avatar_url":"https://avatars.githubusercontent.com/u/100099754?v=4","gravatar_id":"","url":"https://api.github.com/users/ArjunGovind2025","html_url":"https://github.com/ArjunGovind2025","followers_url":"https://api.github.com/users/ArjunGovind2025/followers","following_url":"https://api.github.com/users/ArjunGovind2025/following{/other_user}","gists_url":"https://api.github.com/users/ArjunGovind2025/gists{/gist_id}","starred_url":"https://api.github.com/users/ArjunGovind2025/starred{/owner}{/repo}","subscriptions_url":"https://api.github.com/users/ArjunGovind2025/subscriptions","organizations_url":"https://api.github.com/users/ArjunGovind2025/orgs","repos_url":"https://api.github.com/users/ArjunGovind2025/repos","events_url":"https://api.github.com/users/ArjunGovind2025/events{/privacy}","received_events_url":"https://api.github.com/users/ArjunGovind2025/received_events","type":"User","site_admin":false,"name":null,"company":null,"blog":"","location":null,"email":null,"hireable":null,"bio":null,"twitter_username":null,"public_repos":7,"public_gists":0,"followers":0,"following":0,"created_at":"2022-02-20T23:16:59Z","updated_at":"2024-07-18T04:26:50Z","private_gists":0,"total_private_repos":0,"owned_private_repos":0,"disk_usage":2550,"collaborators":0,"two_factor_authentication":false,"plan":{"name":"free","space":976562499,"collaborators":0,"private_repos":10000}}
[info] 
[info] ✔  Success! Logged into GitHub as ArjunGovind2025 
[info] 
[debug] [2024-07-18T04:29:57.746Z] >>> [apiv2][query] GET https://api.github.com/repos/ArjunGovind2025/my-app/actions/secrets/public-key type=owner
[debug] [2024-07-18T04:29:57.924Z] <<< [apiv2][status] GET https://api.github.com/repos/ArjunGovind2025/my-app/actions/secrets/public-key 404
[debug] [2024-07-18T04:29:57.924Z] <<< [apiv2][body] GET https://api.github.com/repos/ArjunGovind2025/my-app/actions/secrets/public-key {"message":"Not Found","documentation_url":"https://docs.github.com/rest/actions/secrets#get-a-repository-public-key","status":"404"}
[info] 
[info] 
[error] ⚠  The provided authorization cannot be used with this repository. If this repository is in an organization, did you remember to grant access? 
[info] 
[info] i  Action required: Visit this URL to ensure access has been granted to the appropriate organization(s) for the Firebase CLI GitHub OAuth App: 
[info] https://github.com/settings/connections/applications/89cf50f02ac6aaed3484
[info] 
[debug] [2024-07-18T04:30:56.146Z] >>> [apiv2][query] GET https://api.github.com/repos/ArjunGovind2025/my-app/actions/secrets/public-key type=owner
[debug] [2024-07-18T04:30:56.268Z] <<< [apiv2][status] GET https://api.github.com/repos/ArjunGovind2025/my-app/actions/secrets/public-key 404
[debug] [2024-07-18T04:30:56.268Z] <<< [apiv2][body] GET https://api.github.com/repos/ArjunGovind2025/my-app/actions/secrets/public-key {"message":"Not Found","documentation_url":"https://docs.github.com/rest/actions/secrets#get-a-repository-public-key","status":"404"}
[info] 
[info] 
[error] ⚠  The provided authorization cannot be used with this repository. If this repository is in an organization, did you remember to grant access? 
[info] 
[info] i  Action required: Visit this URL to ensure access has been granted to the appropriate organization(s) for the Firebase CLI GitHub OAuth App: 
[info] https://github.com/settings/connections/applications/89cf50f02ac6aaed3484
[info] 
[debug] [2024-07-18T04:33:58.937Z] >>> [apiv2][query] GET https://api.github.com/repos/ArjunGovind2025/my-app/actions/secrets/public-key type=owner
[debug] [2024-07-18T04:33:59.055Z] <<< [apiv2][status] GET https://api.github.com/repos/ArjunGovind2025/my-app/actions/secrets/public-key 404
[debug] [2024-07-18T04:33:59.056Z] <<< [apiv2][body] GET https://api.github.com/repos/ArjunGovind2025/my-app/actions/secrets/public-key {"message":"Not Found","documentation_url":"https://docs.github.com/rest/actions/secrets#get-a-repository-public-key","status":"404"}
[info] 
[info] 
[error] ⚠  The provided authorization cannot be used with this repository. If this repository is in an organization, did you remember to grant access? 
[info] 
[info] i  Action required: Visit this URL to ensure access has been granted to the appropriate organization(s) for the Firebase CLI GitHub OAuth App: 
[info] https://github.com/settings/connections/applications/89cf50f02ac6aaed3484
[info] 
[debug] [2024-07-18T04:34:02.129Z] >>> [apiv2][query] GET https://api.github.com/repos/ArjunGovind2025/my-app/actions/secrets/public-key type=owner
[debug] [2024-07-18T04:34:02.196Z] <<< [apiv2][status] GET https://api.github.com/repos/ArjunGovind2025/my-app/actions/secrets/public-key 404
[debug] [2024-07-18T04:34:02.196Z] <<< [apiv2][body] GET https://api.github.com/repos/ArjunGovind2025/my-app/actions/secrets/public-key {"message":"Not Found","documentation_url":"https://docs.github.com/rest/actions/secrets#get-a-repository-public-key","status":"404"}
[info] 
[info] 
[error] ⚠  The provided authorization cannot be used with this repository. If this repository is in an organization, did you remember to grant access? 
[info] 
[info] i  Action required: Visit this URL to ensure access has been granted to the appropriate organization(s) for the Firebase CLI GitHub OAuth App: 
[info] https://github.com/settings/connections/applications/89cf50f02ac6aaed3484
[info] 
[debug] [2024-07-18T04:34:29.780Z] >>> [apiv2][query] GET https://api.github.com/repos//actions/secrets/public-key type=owner
[debug] [2024-07-18T04:34:29.923Z] <<< [apiv2][status] GET https://api.github.com/repos//actions/secrets/public-key 404
[debug] [2024-07-18T04:34:29.923Z] <<< [apiv2][body] GET https://api.github.com/repos//actions/secrets/public-key {"message":"Not Found","documentation_url":"https://docs.github.com/rest","status":"404"}
[info] 
[info] 
[error] ⚠  The provided authorization cannot be used with this repository. If this repository is in an organization, did you remember to grant access? 
[info] 
[info] i  Action required: Visit this URL to ensure access has been granted to the appropriate organization(s) for the Firebase CLI GitHub OAuth App: 
[info] https://github.com/settings/connections/applications/89cf50f02ac6aaed3484
[info] 
